SF:lib/src/features/feed/data/fake_data_respository.g.dart
DA:9,0
DA:13,0
DA:24,0
DA:28,0
DA:30,0
DA:32,0
DA:34,0
DA:35,0
DA:38,0
DA:40,0
DA:42,0
DA:43,0
DA:56,1
DA:59,0
DA:63,0
DA:69,0
DA:73,0
DA:74,0
DA:75,0
DA:81,0
DA:86,0
DA:90,0
DA:97,0
DA:100,0
DA:101,0
DA:117,0
DA:119,0
DA:120,0
DA:121,0
DA:124,0
DA:126,0
DA:127,0
DA:128,0
DA:130,0
DA:134,0
DA:144,1
DA:147,0
DA:150,0
DA:155,0
DA:159,0
DA:160,0
DA:166,0
DA:171,0
DA:175,0
DA:182,0
DA:184,0
DA:185,0
DA:202,0
DA:204,0
DA:207,0
DA:209,0
DA:210,0
DA:212,0
DA:216,0
DA:226,1
DA:229,0
DA:233,0
DA:239,0
DA:243,0
DA:244,0
DA:245,0
DA:251,0
DA:256,0
DA:260,0
DA:267,0
DA:270,0
DA:271,0
DA:290,0
DA:292,0
DA:293,0
DA:294,0
DA:297,0
DA:299,0
DA:300,0
DA:301,0
DA:303,0
LF:76
LH:3
end_of_record
SF:lib/src/features/feed/data/fake_data_respository.dart
DA:13,1
DA:19,1
DA:20,2
DA:23,1
DA:24,3
DA:27,1
DA:31,1
DA:32,7
DA:35,1
DA:37,4
DA:43,1
DA:48,4
DA:52,1
DA:55,2
DA:56,3
DA:57,2
DA:58,3
DA:59,3
DA:60,2
DA:61,3
DA:62,3
DA:63,2
DA:64,3
DA:65,1
DA:68,1
DA:71,1
DA:72,2
DA:73,4
DA:81,0
DA:85,0
DA:88,0
DA:90,0
DA:91,0
DA:94,0
DA:96,0
DA:97,0
DA:100,0
DA:106,0
DA:107,0
DA:108,0
DA:110,0
DA:111,0
DA:112,0
LF:43
LH:28
end_of_record
SF:lib/src/features/feed/domain/feed_model.dart
DA:5,1
DA:20,0
DA:21,0
DA:22,0
DA:23,0
DA:24,0
DA:25,0
DA:26,0
DA:27,0
DA:31,0
DA:32,0
DA:33,0
DA:34,0
DA:35,0
DA:36,0
DA:37,0
DA:38,0
DA:42,0
DA:44,0
DA:45,0
LF:20
LH:1
end_of_record
SF:lib/src/exceptions/app_exceptions.dart
DA:3,0
DA:7,0
DA:8,0
DA:13,0
DA:14,0
LF:5
LH:0
end_of_record
SF:lib/src/features/feed/data/data_repository.dart
DA:18,0
DA:20,0
LF:2
LH:0
end_of_record
SF:lib/src/features/feed/data/remote_repository.dart
DA:15,0
DA:19,0
DA:20,0
DA:21,0
DA:22,0
DA:24,0
DA:25,0
DA:26,0
DA:29,0
DA:30,0
DA:31,0
DA:32,0
DA:33,0
DA:34,0
DA:35,0
DA:36,0
DA:37,0
DA:43,0
DA:46,0
DA:47,0
DA:48,0
DA:55,0
DA:59,0
DA:62,0
DA:63,0
DA:64,0
DA:65,0
DA:66,0
DA:67,0
DA:68,0
DA:69,0
DA:73,0
DA:75,0
LF:33
LH:0
end_of_record
SF:lib/src/features/feed/data/remote_repository.g.dart
DA:9,0
DA:14,0
DA:15,0
LF:3
LH:0
end_of_record
SF:lib/src/utils/in_memory.dart
DA:6,2
DA:12,0
DA:15,3
DA:18,0
DA:21,0
LF:5
LH:2
end_of_record
